<?xml version="1.0" encoding="UTF-8"?>
<!-- Generated by org.testng.reporters.JUnitXMLReporter -->
<testsuite ignored="0" hostname="Sirazhutdins-MacBook-Pro.local" failures="0" tests="3" name="RegressionTesting" time="20.276" errors="0" timestamp="2021-01-31T22:47:34 EST">
  <testcase classname="Homework.dataProvider" name="abcdefg" time="3.164"/>
  <testcase classname="Homework.dataProvider" name="abcdefg" time="3.166"/>
  <testcase classname="Homework.dataProvider" name="abcdefg" time="3.17"/>
</testsuite> <!-- RegressionTesting -->
