<?xml version="1.0" encoding="UTF-8"?>
<testng-results ignored="0" total="3" passed="3" failed="0" skipped="0">
  <reporter-output>
    <line>
      <![CDATA[stepname here : aaa]]>
    </line>
    <line>
      <![CDATA[stepname here : ccc]]>
    </line>
    <line>
      <![CDATA[stepname here : ddd]]>
    </line>
    <line>
      <![CDATA[closing app/browser]]>
    </line>
  </reporter-output>
  <suite started-at="2021-01-31T22:47:14 EST" name="ApplicationName" finished-at="2021-01-31T22:47:34 EST" duration-ms="20276">
    <groups>
      <group name="adhoc">
        <method signature="dataProvider.abcdefg(java.lang.String)[pri:0, instance:Homework.dataProvider@3c72f59f]" name="abcdefg" class="Homework.dataProvider"/>
      </group> <!-- adhoc -->
    </groups>
    <test started-at="2021-01-31T22:47:14 EST" name="RegressionTesting" finished-at="2021-01-31T22:47:34 EST" duration-ms="20276">
      <class name="Homework.dataProvider">
        <test-method is-config="true" signature="launchApp(java.lang.String, java.lang.String)[pri:0, instance:Homework.dataProvider@3c72f59f]" started-at="2021-01-31T22:47:14 EST" name="launchApp" finished-at="2021-01-31T22:47:25 EST" duration-ms="10618" status="PASS">
          <params>
            <param index="0">
              <value>
                <![CDATA[chrome]]>
              </value>
            </param>
            <param index="1">
              <value>
                <![CDATA[https://candidate.psiexams.com/index.jsp]]>
              </value>
            </param>
          </params>
          <reporter-output>
          </reporter-output>
        </test-method> <!-- launchApp -->
        <test-method signature="abcdefg(java.lang.String)[pri:0, instance:Homework.dataProvider@3c72f59f]" started-at="2021-01-31T22:47:25 EST" name="abcdefg" data-provider="someName" finished-at="2021-01-31T22:47:28 EST" duration-ms="3164" status="PASS">
          <params>
            <param index="0">
              <value>
                <![CDATA[aaa]]>
              </value>
            </param>
          </params>
          <reporter-output>
            <line>
              <![CDATA[stepname here : aaa]]>
            </line>
          </reporter-output>
        </test-method> <!-- abcdefg -->
        <test-method signature="abcdefg(java.lang.String)[pri:0, instance:Homework.dataProvider@3c72f59f]" started-at="2021-01-31T22:47:28 EST" name="abcdefg" data-provider="someName" finished-at="2021-01-31T22:47:31 EST" duration-ms="3166" status="PASS">
          <params>
            <param index="0">
              <value>
                <![CDATA[ccc]]>
              </value>
            </param>
          </params>
          <reporter-output>
            <line>
              <![CDATA[stepname here : ccc]]>
            </line>
          </reporter-output>
        </test-method> <!-- abcdefg -->
        <test-method signature="abcdefg(java.lang.String)[pri:0, instance:Homework.dataProvider@3c72f59f]" started-at="2021-01-31T22:47:31 EST" name="abcdefg" data-provider="someName" finished-at="2021-01-31T22:47:34 EST" duration-ms="3170" status="PASS">
          <params>
            <param index="0">
              <value>
                <![CDATA[ddd]]>
              </value>
            </param>
          </params>
          <reporter-output>
            <line>
              <![CDATA[stepname here : ddd]]>
            </line>
          </reporter-output>
        </test-method> <!-- abcdefg -->
        <test-method is-config="true" signature="quitapp()[pri:0, instance:Homework.dataProvider@3c72f59f]" started-at="2021-01-31T22:47:34 EST" name="quitapp" finished-at="2021-01-31T22:47:34 EST" duration-ms="108" status="PASS">
          <reporter-output>
            <line>
              <![CDATA[closing app/browser]]>
            </line>
          </reporter-output>
        </test-method> <!-- quitapp -->
      </class> <!-- Homework.dataProvider -->
    </test> <!-- RegressionTesting -->
  </suite> <!-- ApplicationName -->
</testng-results>
