<?xml version="1.0" encoding="UTF-8"?>
<!-- Generated by org.testng.reporters.JUnitXMLReporter -->
<testsuite ignored="0" hostname="Sirazhutdins-MacBook-Pro.local" failures="0" tests="4" name="Default test" time="13.713" errors="0" timestamp="2021-01-31T19:52:51 EST">
  <testcase classname="com.psiexams.businessscriptsORtestcases.CreateAnAccount" name="emailAddressErrorMessage" time="0.279"/>
  <testcase classname="com.psiexams.businessscriptsORtestcases.CreateAnAccount" name="verifyingErrorMessageForMissingMandatoryFields" time="0.832"/>
  <testcase classname="com.psiexams.businessscriptsORtestcases.CreateAnAccount" name="verifyingPasswordNotMatchedErrorMessage" time="2.809"/>
  <testcase classname="com.psiexams.businessscriptsORtestcases.CreateAnAccount" name="verifyingEmailAlreadyExistsErrorMessage" time="2.424"/>
</testsuite> <!-- Default test -->
